<?xml version="1.0" encoding="UTF-8"?><testrun name="Unibet_Runner" project="Cucumber_Basic_FrameWork" tests="15" started="15" failures="0" errors="2" ignored="2">
  <testsuite name="com.test.Unibet_Runner" time="78.725">
    <testsuite name="Feature: Unibet Search" time="78.725">
      <testsuite name="Scenario: Unbet Search" time="7.912">
        <testcase name="Given I go to &quot;http://bet.unibet.co.uk&quot; on &quot;firefox&quot;" classname="Scenario: Unbet Search" time="1.824"/>
        <testcase name="And I click on &quot;unisearchButton&quot;" classname="Scenario: Unbet Search" time="0.364"/>
        <testcase name="And I enter text into &quot;unisearchtxtboxlocator&quot; as &quot;unisearchtxt&quot;" classname="Scenario: Unbet Search" time="0.231"/>
        <testcase name="And I click on &quot;unibetsearchButton&quot;" classname="Scenario: Unbet Search" time="5.039"/>
        <testcase name="Then Search should be &quot;unibetsearchresult&quot;" classname="Scenario: Unbet Search" time="0.453"/>
      </testsuite>
      <testsuite name="Scenario: Special Character Search" time="21.978" incomplete="true">
        <error>org.openqa.selenium.ElementNotVisibleException: Element is not currently visible and so may not be interacted with
Command duration or timeout: 20.08 seconds
Build info: version: '2.44.0', revision: '76d78cf323ce037c5f92db6c1bba601c2ac43ad8', time: '2014-10-23 13:11:40'
System info: host: 'Thotas-PC', ip: '10.112.58.172', os.name: 'Windows 7', os.arch: 'amd64', os.version: '6.1', java.version: '1.8.0_25'
Driver info: org.openqa.selenium.firefox.FirefoxDriver
Capabilities [{applicationCacheEnabled=true, rotatable=false, handlesAlerts=true, databaseEnabled=true, version=32.0.3, platform=WINDOWS, nativeEvents=true, acceptSslCerts=true, webStorageEnabled=true, locationContextEnabled=true, browserName=firefox, takesScreenshot=true, javascriptEnabled=true, cssSelectorsEnabled=true}]
Session ID: 8a756cc1-5dfe-4f37-b681-0fc2a6d1d8de&#13;
	at sun.reflect.NativeConstructorAccessorImpl.newInstance0(Native Method)&#13;
	at sun.reflect.NativeConstructorAccessorImpl.newInstance(Unknown Source)&#13;
	at sun.reflect.DelegatingConstructorAccessorImpl.newInstance(Unknown Source)&#13;
	at java.lang.reflect.Constructor.newInstance(Unknown Source)&#13;
	at org.openqa.selenium.remote.ErrorHandler.createThrowable(ErrorHandler.java:204)&#13;
	at org.openqa.selenium.remote.ErrorHandler.throwIfResponseFailed(ErrorHandler.java:156)&#13;
	at org.openqa.selenium.remote.RemoteWebDriver.execute(RemoteWebDriver.java:599)&#13;
	at org.openqa.selenium.remote.RemoteWebElement.execute(RemoteWebElement.java:268)&#13;
	at org.openqa.selenium.remote.RemoteWebElement.clear(RemoteWebElement.java:113)&#13;
	at com.Utils.WebElements.enterText(WebElements.java:636)&#13;
	at com.test.Unibet_StepDefinition.I_enter_text_into(Unibet_StepDefinition.java:63)&#13;
	at ✽.And I enter text into "unisearchtxtboxlocator" as "specialcharacter1"(src/main/resources/com/unibet/unibetSearch.feature:14)&#13;
Caused by: org.openqa.selenium.ElementNotVisibleException: Element is not currently visible and so may not be interacted with
Build info: version: '2.44.0', revision: '76d78cf323ce037c5f92db6c1bba601c2ac43ad8', time: '2014-10-23 13:11:40'
System info: host: 'Thotas-PC', ip: '10.112.58.172', os.name: 'Windows 7', os.arch: 'amd64', os.version: '6.1', java.version: '1.8.0_25'
Driver info: driver.version: unknown&#13;
	at &lt;anonymous class&gt;.fxdriver.preconditions.visible(file:///C:/Users/Thota%27s/AppData/Local/Temp/anonymous9081060218758897988webdriver-profile/extensions/fxdriver@googlecode.com/components/command-processor.js:8959:5)&#13;
	at &lt;anonymous class&gt;.DelayedCommand.prototype.checkPreconditions_(file:///C:/Users/Thota%27s/AppData/Local/Temp/anonymous9081060218758897988webdriver-profile/extensions/fxdriver@googlecode.com/components/command-processor.js:11618:1)&#13;
	at &lt;anonymous class&gt;.DelayedCommand.prototype.executeInternal_/h(file:///C:/Users/Thota%27s/AppData/Local/Temp/anonymous9081060218758897988webdriver-profile/extensions/fxdriver@googlecode.com/components/command-processor.js:11635:11)&#13;
	at &lt;anonymous class&gt;.fxdriver.Timer.prototype.setTimeout/&lt;.notify(file:///C:/Users/Thota%27s/AppData/Local/Temp/anonymous9081060218758897988webdriver-profile/extensions/fxdriver@googlecode.com/components/command-processor.js:548:5)&#13;
&#13;
</error>
        <testcase name="Given I go to &quot;http://bet.unibet.co.uk&quot; on &quot;firefox&quot;" classname="Scenario: Special Character Search" time="1.806"/>
        <testcase name="And I click on &quot;unisearchButton&quot;" classname="Scenario: Special Character Search" time="20.163"/>
        <testcase name="And I enter text into &quot;unisearchtxtboxlocator&quot; as &quot;specialcharacter1&quot;" classname="Scenario: Special Character Search" time="0.007">
          <error>org.openqa.selenium.ElementNotVisibleException: Element is not currently visible and so may not be interacted with
Command duration or timeout: 20.08 seconds
Build info: version: '2.44.0', revision: '76d78cf323ce037c5f92db6c1bba601c2ac43ad8', time: '2014-10-23 13:11:40'
System info: host: 'Thotas-PC', ip: '10.112.58.172', os.name: 'Windows 7', os.arch: 'amd64', os.version: '6.1', java.version: '1.8.0_25'
Driver info: org.openqa.selenium.firefox.FirefoxDriver
Capabilities [{applicationCacheEnabled=true, rotatable=false, handlesAlerts=true, databaseEnabled=true, version=32.0.3, platform=WINDOWS, nativeEvents=true, acceptSslCerts=true, webStorageEnabled=true, locationContextEnabled=true, browserName=firefox, takesScreenshot=true, javascriptEnabled=true, cssSelectorsEnabled=true}]
Session ID: 8a756cc1-5dfe-4f37-b681-0fc2a6d1d8de&#13;
	at sun.reflect.NativeConstructorAccessorImpl.newInstance0(Native Method)&#13;
	at sun.reflect.NativeConstructorAccessorImpl.newInstance(Unknown Source)&#13;
	at sun.reflect.DelegatingConstructorAccessorImpl.newInstance(Unknown Source)&#13;
	at java.lang.reflect.Constructor.newInstance(Unknown Source)&#13;
	at org.openqa.selenium.remote.ErrorHandler.createThrowable(ErrorHandler.java:204)&#13;
	at org.openqa.selenium.remote.ErrorHandler.throwIfResponseFailed(ErrorHandler.java:156)&#13;
	at org.openqa.selenium.remote.RemoteWebDriver.execute(RemoteWebDriver.java:599)&#13;
	at org.openqa.selenium.remote.RemoteWebElement.execute(RemoteWebElement.java:268)&#13;
	at org.openqa.selenium.remote.RemoteWebElement.clear(RemoteWebElement.java:113)&#13;
	at com.Utils.WebElements.enterText(WebElements.java:636)&#13;
	at com.test.Unibet_StepDefinition.I_enter_text_into(Unibet_StepDefinition.java:63)&#13;
	at ✽.And I enter text into "unisearchtxtboxlocator" as "specialcharacter1"(src/main/resources/com/unibet/unibetSearch.feature:14)&#13;
Caused by: org.openqa.selenium.ElementNotVisibleException: Element is not currently visible and so may not be interacted with
Build info: version: '2.44.0', revision: '76d78cf323ce037c5f92db6c1bba601c2ac43ad8', time: '2014-10-23 13:11:40'
System info: host: 'Thotas-PC', ip: '10.112.58.172', os.name: 'Windows 7', os.arch: 'amd64', os.version: '6.1', java.version: '1.8.0_25'
Driver info: driver.version: unknown&#13;
	at &lt;anonymous class&gt;.fxdriver.preconditions.visible(file:///C:/Users/Thota%27s/AppData/Local/Temp/anonymous9081060218758897988webdriver-profile/extensions/fxdriver@googlecode.com/components/command-processor.js:8959:5)&#13;
	at &lt;anonymous class&gt;.DelayedCommand.prototype.checkPreconditions_(file:///C:/Users/Thota%27s/AppData/Local/Temp/anonymous9081060218758897988webdriver-profile/extensions/fxdriver@googlecode.com/components/command-processor.js:11618:1)&#13;
	at &lt;anonymous class&gt;.DelayedCommand.prototype.executeInternal_/h(file:///C:/Users/Thota%27s/AppData/Local/Temp/anonymous9081060218758897988webdriver-profile/extensions/fxdriver@googlecode.com/components/command-processor.js:11635:11)&#13;
	at &lt;anonymous class&gt;.fxdriver.Timer.prototype.setTimeout/&lt;.notify(file:///C:/Users/Thota%27s/AppData/Local/Temp/anonymous9081060218758897988webdriver-profile/extensions/fxdriver@googlecode.com/components/command-processor.js:548:5)&#13;
&#13;
</error>
        </testcase>
        <testcase name="And I click on &quot;unibetsearchButton&quot;" classname="Scenario: Special Character Search" time="0.001" ignored="true"/>
        <testcase name="Then Search should be &quot;specialcharacter1result&quot;" classname="Scenario: Special Character Search" time="0.392" ignored="true"/>
      </testsuite>
      <testsuite name="Scenario: No results for Invalid Search" time="8.347">
        <testcase name="Given I go to &quot;http://bet.unibet.co.uk&quot; on &quot;firefox&quot;" classname="Scenario: No results for Invalid Search" time="1.767"/>
        <testcase name="And I click on &quot;unisearchButton&quot;" classname="Scenario: No results for Invalid Search" time="0.55"/>
        <testcase name="And I enter text into &quot;unisearchtxtboxlocator&quot; as &quot;invalidsearchtxt&quot;" classname="Scenario: No results for Invalid Search" time="0.179"/>
        <testcase name="And I click on &quot;unibetsearchButton&quot;" classname="Scenario: No results for Invalid Search" time="5.401"/>
        <testcase name="Then Search should be &quot;noresults&quot;" classname="Scenario: No results for Invalid Search" time="0.449"/>
      </testsuite>
    </testsuite>
  </testsuite>
</testrun>
