<?xml version="1.0" encoding="UTF-8"?><testrun name="Unibet_Runner" project="Cucumber_Basic_FrameWork" tests="37" started="37" failures="0" errors="2" ignored="0">
  <testsuite name="com.test.Unibet_Runner" time="132.475">
    <testsuite name="Feature: Unibet JoinUs" time="46.221">
      <testsuite name="Scenario: Unibet registration" time="46.221" incomplete="true">
        <error>org.openqa.selenium.NoSuchElementException: Unable to locate element: {"method":"xpath","selector":"//h1[contains(text(),'Welcome to Unibet!')]"}
Command duration or timeout: 20.49 seconds
For documentation on this error, please visit: http://seleniumhq.org/exceptions/no_such_element.html
Build info: version: '2.44.0', revision: '76d78cf323ce037c5f92db6c1bba601c2ac43ad8', time: '2014-10-23 13:11:40'
System info: host: 'Thotas-PC', ip: '10.112.58.172', os.name: 'Windows 7', os.arch: 'amd64', os.version: '6.1', java.version: '1.8.0_25'
Driver info: org.openqa.selenium.firefox.FirefoxDriver
Capabilities [{applicationCacheEnabled=true, rotatable=false, handlesAlerts=true, databaseEnabled=true, version=32.0.3, platform=WINDOWS, nativeEvents=true, acceptSslCerts=true, webStorageEnabled=true, locationContextEnabled=true, browserName=firefox, takesScreenshot=true, javascriptEnabled=true, cssSelectorsEnabled=true}]
Session ID: e67d0131-3fda-478c-9574-518245a77ade&#13;
	at sun.reflect.NativeConstructorAccessorImpl.newInstance0(Native Method)&#13;
	at sun.reflect.NativeConstructorAccessorImpl.newInstance(Unknown Source)&#13;
	at sun.reflect.DelegatingConstructorAccessorImpl.newInstance(Unknown Source)&#13;
	at java.lang.reflect.Constructor.newInstance(Unknown Source)&#13;
	at org.openqa.selenium.remote.ErrorHandler.createThrowable(ErrorHandler.java:204)&#13;
	at org.openqa.selenium.remote.ErrorHandler.throwIfResponseFailed(ErrorHandler.java:156)&#13;
	at org.openqa.selenium.remote.RemoteWebDriver.execute(RemoteWebDriver.java:599)&#13;
	at org.openqa.selenium.remote.RemoteWebDriver.findElement(RemoteWebDriver.java:352)&#13;
	at org.openqa.selenium.remote.RemoteWebDriver.findElementByXPath(RemoteWebDriver.java:449)&#13;
	at org.openqa.selenium.By$ByXPath.findElement(By.java:357)&#13;
	at org.openqa.selenium.remote.RemoteWebDriver.findElement(RemoteWebDriver.java:344)&#13;
	at com.Utils.WebElements.isDisplayed(WebElements.java:335)&#13;
	at com.test.Unibet_StepDefinition.Search_should_be(Unibet_StepDefinition.java:92)&#13;
	at ✽.Then Search should be "unibetwelcometxt"(src/main/resources/com/unibet/unibetNegativeScenario.Feature:25)&#13;
Caused by: org.openqa.selenium.NoSuchElementException: Unable to locate element: {"method":"xpath","selector":"//h1[contains(text(),'Welcome to Unibet!')]"}
For documentation on this error, please visit: http://seleniumhq.org/exceptions/no_such_element.html
Build info: version: '2.44.0', revision: '76d78cf323ce037c5f92db6c1bba601c2ac43ad8', time: '2014-10-23 13:11:40'
System info: host: 'Thotas-PC', ip: '10.112.58.172', os.name: 'Windows 7', os.arch: 'amd64', os.version: '6.1', java.version: '1.8.0_25'
Driver info: driver.version: unknown&#13;
	at &lt;anonymous class&gt;.FirefoxDriver.prototype.findElementInternal_(file:///C:/Users/Thota%27s/AppData/Local/Temp/anonymous4935646108389266187webdriver-profile/extensions/fxdriver@googlecode.com/components/driver-component.js:9641:133)&#13;
	at &lt;anonymous class&gt;.fxdriver.Timer.prototype.setTimeout/&lt;.notify(file:///C:/Users/Thota%27s/AppData/Local/Temp/anonymous4935646108389266187webdriver-profile/extensions/fxdriver@googlecode.com/components/driver-component.js:548:5)&#13;
&#13;
</error>
        <testcase name="Given I go to &quot;http://bet.unibet.co.uk&quot; on &quot;firefox&quot;" classname="Scenario: Unibet registration" time="1.604"/>
        <testcase name="And I click on &quot;unibetjoinuslocator&quot;" classname="Scenario: Unibet registration" time="8.729"/>
        <testcase name="And I enter text into &quot;unibetfirstNametextboxlocator&quot; as &quot;unibetfirstName&quot;" classname="Scenario: Unibet registration" time="1.217"/>
        <testcase name="And I enter text into &quot;unibetuserNametextboxlocator&quot; as &quot;unibetuserName&quot;" classname="Scenario: Unibet registration" time="0.973"/>
        <testcase name="And I enter text into &quot;unibetlastNametextboxlocator&quot; as &quot;unibetlastName&quot;" classname="Scenario: Unibet registration" time="0.816"/>
        <testcase name="And I enter text into &quot;unibetstreettextboxlocator&quot; as &quot;unibetstreet&quot;" classname="Scenario: Unibet registration" time="0.84"/>
        <testcase name="And I enter text into &quot;unibetemailtextboxlocator&quot; as &quot;unibetemail&quot;" classname="Scenario: Unibet registration" time="0.633"/>
        <testcase name="And I enter text into &quot;unibetpostalCodetextbuttonlocator&quot; as &quot;unibetpostalCode&quot;" classname="Scenario: Unibet registration" time="0.55"/>
        <testcase name="And I enter text into &quot;unibetcitytextboxlocator&quot; as &quot;unibetcity&quot;" classname="Scenario: Unibet registration" time="0.586"/>
        <testcase name="And I enter text into &quot;unibetpasswordtextboxlocator&quot; as &quot;unibetpassword&quot;" classname="Scenario: Unibet registration" time="0.553"/>
        <testcase name="And I enter text into &quot;unibetconfirm-passwordtextboxlocator&quot; as &quot;unibetconfirm-password&quot;" classname="Scenario: Unibet registration" time="0.816"/>
        <testcase name="And I enter text into &quot;unibetphoneNumbertextboxlocator&quot; as &quot;unibetphoneNumber&quot;" classname="Scenario: Unibet registration" time="0.397"/>
        <testcase name="And I_select_value_from_drop_down_is into &quot;unibetdaylocator&quot; as &quot;unibetday&quot;" classname="Scenario: Unibet registration" time="0.374"/>
        <testcase name="And I_select_value_from_drop_down_is into &quot;unibetmonthlocator&quot; as &quot;unibetmonth&quot;" classname="Scenario: Unibet registration" time="0.615"/>
        <testcase name="And I_select_value_from_drop_down_is into &quot;unibetyearlocator&quot; as &quot;unibetyear&quot;" classname="Scenario: Unibet registration" time="0.777"/>
        <testcase name="And I enter text into &quot;unibetsecurityanswerlocator&quot; as &quot;unisecurityanswer&quot;" classname="Scenario: Unibet registration" time="0.163"/>
        <testcase name="And I click on &quot;unibetgenderradioButtonlocatormale&quot;" classname="Scenario: Unibet registration" time="0.347"/>
        <testcase name="And I click on &quot;unibetbonusyeslocator&quot;" classname="Scenario: Unibet registration" time="0.474"/>
        <testcase name="And I click on &quot;unibetagreetermslocator&quot;" classname="Scenario: Unibet registration" time="5.003"/>
        <testcase name="And I_am_waiting" classname="Scenario: Unibet registration" time="0.232"/>
        <testcase name="And I click on &quot;unibetsubmitcontinuebuttonlocator&quot;" classname="Scenario: Unibet registration" time="20.508"/>
        <testcase name="Then Search should be &quot;unibetwelcometxt&quot;" classname="Scenario: Unibet registration" time="0.014">
          <error>org.openqa.selenium.NoSuchElementException: Unable to locate element: {"method":"xpath","selector":"//h1[contains(text(),'Welcome to Unibet!')]"}
Command duration or timeout: 20.49 seconds
For documentation on this error, please visit: http://seleniumhq.org/exceptions/no_such_element.html
Build info: version: '2.44.0', revision: '76d78cf323ce037c5f92db6c1bba601c2ac43ad8', time: '2014-10-23 13:11:40'
System info: host: 'Thotas-PC', ip: '10.112.58.172', os.name: 'Windows 7', os.arch: 'amd64', os.version: '6.1', java.version: '1.8.0_25'
Driver info: org.openqa.selenium.firefox.FirefoxDriver
Capabilities [{applicationCacheEnabled=true, rotatable=false, handlesAlerts=true, databaseEnabled=true, version=32.0.3, platform=WINDOWS, nativeEvents=true, acceptSslCerts=true, webStorageEnabled=true, locationContextEnabled=true, browserName=firefox, takesScreenshot=true, javascriptEnabled=true, cssSelectorsEnabled=true}]
Session ID: e67d0131-3fda-478c-9574-518245a77ade&#13;
	at sun.reflect.NativeConstructorAccessorImpl.newInstance0(Native Method)&#13;
	at sun.reflect.NativeConstructorAccessorImpl.newInstance(Unknown Source)&#13;
	at sun.reflect.DelegatingConstructorAccessorImpl.newInstance(Unknown Source)&#13;
	at java.lang.reflect.Constructor.newInstance(Unknown Source)&#13;
	at org.openqa.selenium.remote.ErrorHandler.createThrowable(ErrorHandler.java:204)&#13;
	at org.openqa.selenium.remote.ErrorHandler.throwIfResponseFailed(ErrorHandler.java:156)&#13;
	at org.openqa.selenium.remote.RemoteWebDriver.execute(RemoteWebDriver.java:599)&#13;
	at org.openqa.selenium.remote.RemoteWebDriver.findElement(RemoteWebDriver.java:352)&#13;
	at org.openqa.selenium.remote.RemoteWebDriver.findElementByXPath(RemoteWebDriver.java:449)&#13;
	at org.openqa.selenium.By$ByXPath.findElement(By.java:357)&#13;
	at org.openqa.selenium.remote.RemoteWebDriver.findElement(RemoteWebDriver.java:344)&#13;
	at com.Utils.WebElements.isDisplayed(WebElements.java:335)&#13;
	at com.test.Unibet_StepDefinition.Search_should_be(Unibet_StepDefinition.java:92)&#13;
	at ✽.Then Search should be "unibetwelcometxt"(src/main/resources/com/unibet/unibetNegativeScenario.Feature:25)&#13;
Caused by: org.openqa.selenium.NoSuchElementException: Unable to locate element: {"method":"xpath","selector":"//h1[contains(text(),'Welcome to Unibet!')]"}
For documentation on this error, please visit: http://seleniumhq.org/exceptions/no_such_element.html
Build info: version: '2.44.0', revision: '76d78cf323ce037c5f92db6c1bba601c2ac43ad8', time: '2014-10-23 13:11:40'
System info: host: 'Thotas-PC', ip: '10.112.58.172', os.name: 'Windows 7', os.arch: 'amd64', os.version: '6.1', java.version: '1.8.0_25'
Driver info: driver.version: unknown&#13;
	at &lt;anonymous class&gt;.FirefoxDriver.prototype.findElementInternal_(file:///C:/Users/Thota%27s/AppData/Local/Temp/anonymous4935646108389266187webdriver-profile/extensions/fxdriver@googlecode.com/components/driver-component.js:9641:133)&#13;
	at &lt;anonymous class&gt;.fxdriver.Timer.prototype.setTimeout/&lt;.notify(file:///C:/Users/Thota%27s/AppData/Local/Temp/anonymous4935646108389266187webdriver-profile/extensions/fxdriver@googlecode.com/components/driver-component.js:548:5)&#13;
&#13;
</error>
        </testcase>
      </testsuite>
    </testsuite>
    <testsuite name="Feature: Unibet Search" time="66.568">
      <testsuite name="Scenario: Unbet Search" time="9.892">
        <testcase name="Given I go to &quot;http://bet.unibet.co.uk&quot; on &quot;firefox&quot;" classname="Scenario: Unbet Search" time="1.788"/>
        <testcase name="And I click on &quot;unisearchButton&quot;" classname="Scenario: Unbet Search" time="0.314"/>
        <testcase name="And I enter text into &quot;unisearchtxtboxlocator&quot; as &quot;unisearchtxt&quot;" classname="Scenario: Unbet Search" time="0.517"/>
        <testcase name="And I click on &quot;unibetsearchButton&quot;" classname="Scenario: Unbet Search" time="6.085"/>
        <testcase name="Then Search should be &quot;unibetsearchresult&quot;" classname="Scenario: Unbet Search" time="1.187"/>
      </testsuite>
      <testsuite name="Scenario: Special Character Search" time="9.399">
        <testcase name="Given I go to &quot;http://bet.unibet.co.uk&quot; on &quot;firefox&quot;" classname="Scenario: Special Character Search" time="1.52"/>
        <testcase name="And I click on &quot;unisearchButton&quot;" classname="Scenario: Special Character Search" time="0.382"/>
        <testcase name="And I enter text into &quot;unisearchtxtboxlocator&quot; as &quot;specialcharacter1&quot;" classname="Scenario: Special Character Search" time="0.489"/>
        <testcase name="And I click on &quot;unibetsearchButton&quot;" classname="Scenario: Special Character Search" time="6.136"/>
        <testcase name="Then Search should be &quot;specialcharacter1result&quot;" classname="Scenario: Special Character Search" time="0.872"/>
      </testsuite>
      <testsuite name="Scenario: No results for Invalid Search" time="7.554">
        <testcase name="Given I go to &quot;http://bet.unibet.co.uk&quot; on &quot;firefox&quot;" classname="Scenario: No results for Invalid Search" time="1.44"/>
        <testcase name="And I click on &quot;unisearchButton&quot;" classname="Scenario: No results for Invalid Search" time="0.544"/>
        <testcase name="And I enter text into &quot;unisearchtxtboxlocator&quot; as &quot;invalidsearchtxt&quot;" classname="Scenario: No results for Invalid Search" time="0.584"/>
        <testcase name="And I click on &quot;unibetsearchButton&quot;" classname="Scenario: No results for Invalid Search" time="4.56"/>
        <testcase name="Then Search should be &quot;noresults&quot;" classname="Scenario: No results for Invalid Search" time="0.424"/>
      </testsuite>
    </testsuite>
  </testsuite>
</testrun>
